
> moyin-offical@0.0.1 build
> astro build

19:47:46 [content] Syncing content
19:47:46 [content] Synced content
19:47:46 [types] Generated 25ms
19:47:46 [build] output: "static"
19:47:46 [build] mode: "static"
19:47:46 [build] directory: /Users/angus/Workspaces/MoyinProject/sub-project/moyin-offical/dist/
19:47:46 [build] Collecting build info...
19:47:46 [build] ✓ Completed in 35ms.
19:47:46 [build] Building static entrypoints...
19:47:46 [WARN] [vite] "isRemoteAllowed", "matchHostname", "matchPathname", "matchPort" and "matchProtocol" are imported from external module "@astrojs/internal-helpers/remote" but never used in "node_modules/astro/dist/assets/utils/remotePattern.js".
19:47:46 [vite] ✓ built in 373ms
19:47:46 [build] ✓ Completed in 392ms.

 building client (vite) 
19:47:46 [vite] transforming...
19:47:46 [vite] ✓ 8 modules transformed.
19:47:46 [vite] rendering chunks...
19:47:46 [vite] computing gzip size...
19:47:46 [vite] dist/_astro/client.DTDDyyKh.js  68.78 kB │ gzip: 27.32 kB
19:47:46 [vite] ✓ built in 211ms

 generating static routes 
19:47:46 ▶ src/pages/index.astro
19:47:46   └─ /index.html (+3ms) 
19:47:46 ✓ Completed in 8ms.

19:47:46 [build] 1 page(s) built in 653ms
19:47:46 [build] Complete!
