
> moyin-offical@0.0.1 build
> astro build

19:49:35 [content] Syncing content
19:49:36 [content] Synced content
19:49:36 [types] Generated 338ms
19:49:36 [build] output: "static"
19:49:36 [build] mode: "static"
19:49:36 [build] directory: /Users/angus/Workspaces/MoyinProject/sub-project/moyin-offical/dist/
19:49:36 [build] Collecting build info...
19:49:36 [build] ✓ Completed in 348ms.
19:49:36 [build] Building static entrypoints...
19:49:36 [WARN] [vite] "matchHostname", "matchPathname", "matchPort" and "matchProtocol" are imported from external module "@astrojs/internal-helpers/remote" but never used in "node_modules/astro/dist/assets/utils/remotePattern.js".
19:49:36 [vite] ✓ built in 722ms
19:49:36 [build] ✓ Completed in 748ms.

 building client (vite) 
19:49:36 [vite] transforming...
19:49:36 [vite] ✓ 8 modules transformed.
19:49:36 [vite] rendering chunks...
19:49:36 [vite] computing gzip size...
19:49:36 [vite] dist/_astro/client.DTDDyyKh.js  68.78 kB │ gzip: 27.32 kB
19:49:36 [vite] ✓ built in 229ms

 generating static routes 
19:49:37 ▶ src/pages/blog/index.astro
19:49:37   └─ /blog/index.html (+6ms) 
19:49:37 ▶ src/pages/blog/[...slug].astro
19:49:37   └─ /blog/project-kickoff/index.html (+1ms) 
19:49:37 ▶ src/pages/index.astro
19:49:37   └─ /index.html (+1ms) 
19:49:37 ✓ Completed in 16ms.

19:49:37 [build] 3 page(s) built in 1.35s
19:49:37 [build] Complete!
